<?xml version="1.0" encoding="UTF-8"?>
<testsuite name="com.MichaelHardityaJmartFA.MichaelHardityaJmartFaApplicationTests" tests="1" skipped="0" failures="0" errors="0" timestamp="2021-11-27T06:11:50" hostname="MSI" time="0.483">
  <properties/>
  <testcase name="contextLoads()" classname="com.MichaelHardityaJmartFA.MichaelHardityaJmartFaApplicationTests" time="0.483"/>
  <system-out><![CDATA[13:11:47.822 [Test worker] DEBUG org.springframework.test.context.BootstrapUtils - Instantiating CacheAwareContextLoaderDelegate from class [org.springframework.test.context.cache.DefaultCacheAwareContextLoaderDelegate]
13:11:47.840 [Test worker] DEBUG org.springframework.test.context.BootstrapUtils - Instantiating BootstrapContext using constructor [public org.springframework.test.context.support.DefaultBootstrapContext(java.lang.Class,org.springframework.test.context.CacheAwareContextLoaderDelegate)]
13:11:47.885 [Test worker] DEBUG org.springframework.test.context.BootstrapUtils - Instantiating TestContextBootstrapper for test class [com.MichaelHardityaJmartFA.MichaelHardityaJmartFaApplicationTests] from class [org.springframework.boot.test.context.SpringBootTestContextBootstrapper]
13:11:47.902 [Test worker] INFO org.springframework.boot.test.context.SpringBootTestContextBootstrapper - Neither @ContextConfiguration nor @ContextHierarchy found for test class [com.MichaelHardityaJmartFA.MichaelHardityaJmartFaApplicationTests], using SpringBootContextLoader
13:11:47.910 [Test worker] DEBUG org.springframework.test.context.support.AbstractContextLoader - Did not detect default resource location for test class [com.MichaelHardityaJmartFA.MichaelHardityaJmartFaApplicationTests]: class path resource [com/MichaelHardityaJmartFA/MichaelHardityaJmartFaApplicationTests-context.xml] does not exist
13:11:47.911 [Test worker] DEBUG org.springframework.test.context.support.AbstractContextLoader - Did not detect default resource location for test class [com.MichaelHardityaJmartFA.MichaelHardityaJmartFaApplicationTests]: class path resource [com/MichaelHardityaJmartFA/MichaelHardityaJmartFaApplicationTestsContext.groovy] does not exist
13:11:47.912 [Test worker] INFO org.springframework.test.context.support.AbstractContextLoader - Could not detect default resource locations for test class [com.MichaelHardityaJmartFA.MichaelHardityaJmartFaApplicationTests]: no resource found for suffixes {-context.xml, Context.groovy}.
13:11:47.913 [Test worker] INFO org.springframework.test.context.support.AnnotationConfigContextLoaderUtils - Could not detect default configuration classes for test class [com.MichaelHardityaJmartFA.MichaelHardityaJmartFaApplicationTests]: MichaelHardityaJmartFaApplicationTests does not declare any static, non-private, non-final, nested classes annotated with @Configuration.
13:11:47.985 [Test worker] DEBUG org.springframework.test.context.support.ActiveProfilesUtils - Could not find an 'annotation declaring class' for annotation type [org.springframework.test.context.ActiveProfiles] and class [com.MichaelHardityaJmartFA.MichaelHardityaJmartFaApplicationTests]
13:11:48.091 [Test worker] DEBUG org.springframework.context.annotation.ClassPathScanningCandidateComponentProvider - Identified candidate component class: file [D:\JavaProject\jmart\build\classes\java\main\com\MichaelHardityaJmartFA\Jmart.class]
13:11:48.096 [Test worker] INFO org.springframework.boot.test.context.SpringBootTestContextBootstrapper - Found @SpringBootConfiguration com.MichaelHardityaJmartFA.Jmart for test class com.MichaelHardityaJmartFA.MichaelHardityaJmartFaApplicationTests
13:11:48.303 [Test worker] DEBUG org.springframework.boot.test.context.SpringBootTestContextBootstrapper - @TestExecutionListeners is not present for class [com.MichaelHardityaJmartFA.MichaelHardityaJmartFaApplicationTests]: using defaults.
13:11:48.304 [Test worker] INFO org.springframework.boot.test.context.SpringBootTestContextBootstrapper - Loaded default TestExecutionListener class names from location [META-INF/spring.factories]: [org.springframework.boot.test.autoconfigure.restdocs.RestDocsTestExecutionListener, org.springframework.boot.test.autoconfigure.web.client.MockRestServiceServerResetTestExecutionListener, org.springframework.boot.test.autoconfigure.web.servlet.MockMvcPrintOnlyOnFailureTestExecutionListener, org.springframework.boot.test.autoconfigure.web.servlet.WebDriverTestExecutionListener, org.springframework.boot.test.autoconfigure.webservices.client.MockWebServiceServerTestExecutionListener, org.springframework.boot.test.mock.mockito.MockitoTestExecutionListener, org.springframework.boot.test.mock.mockito.ResetMocksTestExecutionListener, org.springframework.test.context.web.ServletTestExecutionListener, org.springframework.test.context.support.DirtiesContextBeforeModesTestExecutionListener, org.springframework.test.context.event.ApplicationEventsTestExecutionListener, org.springframework.test.context.support.DependencyInjectionTestExecutionListener, org.springframework.test.context.support.DirtiesContextTestExecutionListener, org.springframework.test.context.transaction.TransactionalTestExecutionListener, org.springframework.test.context.jdbc.SqlScriptsTestExecutionListener, org.springframework.test.context.event.EventPublishingTestExecutionListener]
13:11:48.321 [Test worker] DEBUG org.springframework.boot.test.context.SpringBootTestContextBootstrapper - Skipping candidate TestExecutionListener [org.springframework.test.context.transaction.TransactionalTestExecutionListener] due to a missing dependency. Specify custom listener classes or make the default listener classes and their required dependencies available. Offending class: [org/springframework/transaction/interceptor/TransactionAttributeSource]
13:11:48.322 [Test worker] DEBUG org.springframework.boot.test.context.SpringBootTestContextBootstrapper - Skipping candidate TestExecutionListener [org.springframework.test.context.jdbc.SqlScriptsTestExecutionListener] due to a missing dependency. Specify custom listener classes or make the default listener classes and their required dependencies available. Offending class: [org/springframework/transaction/interceptor/TransactionAttribute]
13:11:48.322 [Test worker] INFO org.springframework.boot.test.context.SpringBootTestContextBootstrapper - Using TestExecutionListeners: [org.springframework.test.context.web.ServletTestExecutionListener@22d6f11, org.springframework.test.context.support.DirtiesContextBeforeModesTestExecutionListener@30990c1b, org.springframework.test.context.event.ApplicationEventsTestExecutionListener@2453f95d, org.springframework.boot.test.mock.mockito.MockitoTestExecutionListener@44828f6b, org.springframework.boot.test.autoconfigure.SpringBootDependencyInjectionTestExecutionListener@2dbe250d, org.springframework.test.context.support.DirtiesContextTestExecutionListener@553f1d75, org.springframework.test.context.event.EventPublishingTestExecutionListener@6e1d8f9e, org.springframework.boot.test.autoconfigure.restdocs.RestDocsTestExecutionListener@3e34ace1, org.springframework.boot.test.autoconfigure.web.client.MockRestServiceServerResetTestExecutionListener@62fe6067, org.springframework.boot.test.autoconfigure.web.servlet.MockMvcPrintOnlyOnFailureTestExecutionListener@4f071df8, org.springframework.boot.test.autoconfigure.web.servlet.WebDriverTestExecutionListener@4de41af9, org.springframework.boot.test.autoconfigure.webservices.client.MockWebServiceServerTestExecutionListener@56ace400, org.springframework.boot.test.mock.mockito.ResetMocksTestExecutionListener@47404bea]
13:11:48.327 [Test worker] DEBUG org.springframework.test.context.support.AbstractDirtiesContextTestExecutionListener - Before test class: context [DefaultTestContext@2f9a01c1 testClass = MichaelHardityaJmartFaApplicationTests, testInstance = [null], testMethod = [null], testException = [null], mergedContextConfiguration = [WebMergedContextConfiguration@2611b9a3 testClass = MichaelHardityaJmartFaApplicationTests, locations = '{}', classes = '{class com.MichaelHardityaJmartFA.Jmart}', contextInitializerClasses = '[]', activeProfiles = '{}', propertySourceLocations = '{}', propertySourceProperties = '{org.springframework.boot.test.context.SpringBootTestContextBootstrapper=true}', contextCustomizers = set[org.springframework.boot.test.autoconfigure.actuate.metrics.MetricsExportContextCustomizerFactory$DisableMetricExportContextCustomizer@60856961, org.springframework.boot.test.autoconfigure.properties.PropertyMappingContextCustomizer@0, org.springframework.boot.test.autoconfigure.web.servlet.WebDriverContextCustomizerFactory$Customizer@673be18f, org.springframework.boot.test.context.filter.ExcludeFilterContextCustomizer@3fed2870, org.springframework.boot.test.json.DuplicateJsonObjectContextCustomizerFactory$DuplicateJsonObjectContextCustomizer@32c4e8b2, org.springframework.boot.test.mock.mockito.MockitoContextCustomizer@0, org.springframework.boot.test.web.client.TestRestTemplateContextCustomizer@77102b91, org.springframework.boot.test.context.SpringBootTestArgs@1, org.springframework.boot.test.context.SpringBootTestWebEnvironment@7690781], resourceBasePath = 'src/main/webapp', contextLoader = 'org.springframework.boot.test.context.SpringBootContextLoader', parent = [null]], attributes = map['org.springframework.test.context.web.ServletTestExecutionListener.activateListener' -> true]], class annotated with @DirtiesContext [false] with mode [null].
13:11:48.383 [Test worker] DEBUG org.springframework.test.context.support.TestPropertySourceUtils - Adding inlined properties to environment: {spring.jmx.enabled=false, org.springframework.boot.test.context.SpringBootTestContextBootstrapper=true}

  .   ____          _            __ _ _
 /\\ / ___'_ __ _ _(_)_ __  __ _ \ \ \ \
( ( )\___ | '_ | '_| | '_ \/ _` | \ \ \ \
 \\/  ___)| |_)| | | | | || (_| |  ) ) ) )
  '  |____| .__|_| |_|_| |_\__, | / / / /
 =========|_|==============|___/=/_/_/_/
 :: Spring Boot ::                (v2.5.6)

2021-11-27 13:11:48.837  INFO 17432 --- [    Test worker] M.MichaelHardityaJmartFaApplicationTests : Starting MichaelHardityaJmartFaApplicationTests using Java 16.0.2 on MSI with PID 17432 (started by Michael Harditya in D:\JavaProject\jmart)
2021-11-27 13:11:48.840  INFO 17432 --- [    Test worker] M.MichaelHardityaJmartFaApplicationTests : No active profile set, falling back to default profiles: default
2021-11-27 13:11:50.546  INFO 17432 --- [    Test worker] M.MichaelHardityaJmartFaApplicationTests : Started MichaelHardityaJmartFaApplicationTests in 2.153 seconds (JVM running for 4.65)
]]></system-out>
  <system-err><![CDATA[]]></system-err>
</testsuite>
